<?xml version="1.0" encoding="UTF-8"?>
<!-- Generated by org.testng.reporters.JUnitReportReporter -->
<testsuite hostname="cgsl-test" failures="0" tests="1" name="testscripts.regression.TotalPatientRegistration" time="40.757" errors="0" timestamp="2024-05-28T20:58:10 IST" skipped="0">
  <testcase classname="testscripts.regression.TotalPatientRegistration" name="Registration" time="40.757"/>
</testsuite> <!-- testscripts.regression.TotalPatientRegistration -->
