<?xml version="1.0" encoding="UTF-8"?>
<!-- Generated by org.testng.reporters.JUnitReportReporter -->
<testsuite hostname="cgsl-test" failures="0" tests="1" name="FrontOffice.PatientRegistration" time="21.365" errors="0" timestamp="2024-05-30T14:26:10 IST" skipped="0">
  <testcase classname="FrontOffice.PatientRegistration" name="Registration" time="21.365"/>
</testsuite> <!-- FrontOffice.PatientRegistration -->
