<?xml version="1.0" encoding="UTF-8"?>
<!-- Generated by org.testng.reporters.JUnitReportReporter -->
<testsuite hostname="cgsl-test" failures="0" tests="1" name="testscripts.regression.PatientRegistration" time="47.188" errors="0" timestamp="2024-04-23T11:57:20 IST" skipped="0">
  <testcase classname="testscripts.regression.PatientRegistration" name="Registration" time="47.188"/>
</testsuite> <!-- testscripts.regression.PatientRegistration -->
