<?xml version="1.0" encoding="UTF-8"?>
<!-- Generated by org.testng.reporters.JUnitReportReporter -->
<testsuite hostname="cgsl-test" failures="0" tests="1" name="testscripts.regression.Encounter" time="93.607" errors="0" timestamp="2024-04-20T17:08:53 IST" skipped="0">
  <testcase classname="testscripts.regression.Encounter" name="encounter" time="93.607"/>
</testsuite> <!-- testscripts.regression.Encounter -->
