<?xml version="1.0" encoding="UTF-8"?>
<!-- Generated by org.testng.reporters.JUnitReportReporter -->
<testsuite hostname="cgsl-test" failures="0" tests="3" name="Administration.EmpolyeecreationToLogin" time="99.003" errors="0" timestamp="2024-06-17T20:38:33 IST" skipped="0">
  <testcase classname="Administration.EmpolyeecreationToLogin" name="saveemployee" time="28.369"/>
  <testcase classname="Administration.EmpolyeecreationToLogin" name="saveUserProfile" time="57.022"/>
  <testcase classname="Administration.EmpolyeecreationToLogin" name="LoginTest" time="13.612"/>
</testsuite> <!-- Administration.EmpolyeecreationToLogin -->
