<?xml version="1.0" encoding="UTF-8"?>
<!-- Generated by org.testng.reporters.JUnitReportReporter -->
<testsuite hostname="cgsl-test" failures="0" tests="1" name="FrontOffice.PatientSource" time="38.798" errors="0" timestamp="2024-06-12T09:31:25 IST" skipped="0">
  <testcase classname="FrontOffice.PatientSource" name="patientSource" time="38.798"/>
</testsuite> <!-- FrontOffice.PatientSource -->
