<?xml version="1.0" encoding="UTF-8"?>
<!-- Generated by org.testng.reporters.JUnitReportReporter -->
<testsuite hostname="cgsl-test" failures="0" tests="1" name="FrontOffice.BookResourceSchedule" time="46.582" errors="0" timestamp="2024-05-29T20:54:28 IST" skipped="0">
  <testcase classname="FrontOffice.BookResourceSchedule" name="scheduling" time="46.582"/>
</testsuite> <!-- FrontOffice.BookResourceSchedule -->
