<?xml version="1.0" encoding="UTF-8"?>
<!-- Generated by org.testng.reporters.JUnitReportReporter -->
<testsuite hostname="cgsl-test" failures="0" tests="1" name="Administration.Login" time="14.834" errors="0" timestamp="2024-06-16T20:33:42 IST" skipped="0">
  <testcase classname="Administration.Login" name="LoginTest" time="14.834"/>
</testsuite> <!-- Administration.Login -->
