<?xml version="1.0" encoding="UTF-8"?>
<!-- Generated by org.testng.reporters.JUnitReportReporter -->
<testsuite hostname="cgsl-test" failures="0" tests="1" name="FrontOffice.SaveEncounter" time="34.262" errors="0" timestamp="2024-05-30T14:59:33 IST" skipped="0">
  <testcase classname="FrontOffice.SaveEncounter" name="encounter" time="34.262"/>
</testsuite> <!-- FrontOffice.SaveEncounter -->
