<?xml version="1.0" encoding="UTF-8"?>
<!-- Generated by org.testng.reporters.JUnitReportReporter -->
<testsuite hostname="cgsl-test" failures="0" tests="1" name="FrontOffice.SavePatientCategory" time="33.829" errors="0" timestamp="2024-06-11T20:42:16 IST" skipped="0">
  <testcase classname="FrontOffice.SavePatientCategory" name="PatientCategory" time="33.829"/>
</testsuite> <!-- FrontOffice.SavePatientCategory -->
