<?xml version="1.0" encoding="UTF-8"?>
<!-- Generated by org.testng.reporters.JUnitReportReporter -->
<testsuite hostname="cgsl-test" failures="0" tests="4" name="testscripts.regression.ToVerifyLoginCredentials" time="42.145" errors="0" timestamp="2024-04-17T11:40:12 IST" skipped="0">
  <testcase classname="testscripts.regression.ToVerifyLoginCredentials" name="validLoginCredentials" time="12.748"/>
  <testcase classname="testscripts.regression.ToVerifyLoginCredentials" name="loginbyInvalidUsernameandValidPassword" time="9.305"/>
  <testcase classname="testscripts.regression.ToVerifyLoginCredentials" name="loginbyValidUsernameandInValidPassword" time="10.057"/>
  <testcase classname="testscripts.regression.ToVerifyLoginCredentials" name="loginbyInUsernameandInValidPassword" time="10.035"/>
</testsuite> <!-- testscripts.regression.ToVerifyLoginCredentials -->
