<?xml version="1.0" encoding="UTF-8"?>
<!-- Generated by org.testng.reporters.JUnitReportReporter -->
<testsuite hostname="cgsl-test" failures="0" tests="1" name="Administration.UserProfile" time="58.223" errors="0" timestamp="2024-06-17T20:32:33 IST" skipped="0">
  <testcase classname="Administration.UserProfile" name="saveUserProfile" time="58.223"/>
</testsuite> <!-- Administration.UserProfile -->
