<?xml version="1.0" encoding="UTF-8"?>
<!-- Generated by org.testng.reporters.JUnitReportReporter -->
<testsuite hostname="cgsl-test" failures="0" tests="1" name="FrontOffice.SavePatientSource" time="32.455" errors="0" timestamp="2024-06-11T21:04:57 IST" skipped="0">
  <testcase classname="FrontOffice.SavePatientSource" name="patientSource" time="32.455"/>
</testsuite> <!-- FrontOffice.SavePatientSource -->
